<?xml version="1.0" encoding="UTF-8"?>
<testsuite xmlns:xsi="http://www.w3.org/2001/XMLSchema-instance" xsi:schemaLocation="https://maven.apache.org/surefire/maven-surefire-plugin/xsd/surefire-test-report.xsd" name="testselector.TestSelector" time="2.01" tests="50" errors="0" skipped="3" failures="0">
  <properties>
[...]
</properties>
  <testcase name="testStaticAnalyses" classname="testselector.TestSelector$testStaticAnalyses" time="0">
    <skipped message="will fail: for the static analyses of the code, see issue #14: https://gitlab.com/DarioAmorosodAragona/whatTests/issues/14"/>
    <system-err><![CDATA[[main] INFO testselector.project.Project - Soot loading necessary classes
[main] INFO testselector.project.Project - Soot loading necessary classes
[main] INFO testselector.project.Project - rta call graph building...
[main] INFO testselector.testselector.FromTheBottom - The method: sootTest.FirstClass.foo has been marked has modified because the method in his hierarchy sootTest.FirstClass.foo has been deleted
[main] INFO testselector.testselector.FromTheBottom - The method: sootTest.ThirdClass.foo has been marked has modified because the method in his hierarchy sootTest.ThirdClass.foo has been deleted
[main] INFO testselector.testselector.FromTheBottom - The method: ExtendedClass2.<init> has been marked has modified because the method in his hierarchy ExtendedClass2.<init> has been deleted
[main] INFO testselector.testselector.FromTheBottom - comparing the two test suite to see if there are differents tests
[main] INFO testselector.testselector.FromTheBottom - The test: sootexampleTest.differentTest has been added because it is in both versions of the project but has been changed
[main] INFO testselector.testselector.FromTheBottom - The test: setUpChange.toAddForChangeInSetUpDifferent has been added because it is in both versions of the project but has been changed
[main] INFO testselector.testselector.FromTheBottom - comparing the two classes to see if the constructors are equals
[main] INFO testselector.testselector.FromTheBottom - Start to analyze the graph
[main] INFO testselector.testselector.FromTheBottom - Finished to analyze the graph
]]></system-err>
  </testcase>
  <testcase name="testTestCallAnotherTest" classname="testselector.TestSelector$testTestCallAnotherTest" time="0"/>
  <testcase name="testInitCallDM" classname="testselector.TestSelector$testInit" time="0"/>
  <testcase name="testTearDownCall" classname="testselector.TestSelector$testTearDownCall" time="0"/>
  <testcase name="testSetUpCall" classname="testselector.TestSelector$testSetUpCall" time="0"/>
  <testcase name="testCover2ChangedMethods" classname="testselector.TestSelector$testCoverTwoChangedMethods" time="0.001"/>
  <testcase name="testChangedTestNotInDifferentMethods" classname="testselector.TestSelector$changedTest" time="0.001"/>
  <testcase name="testEqualTest" classname="testselector.TestSelector$changedTest" time="0"/>
  <testcase name="testChangedTest" classname="testselector.TestSelector$changedTest" time="0"/>
  <testcase name="test1MethodChangedInClinit" classname="testselector.TestSelector$changedInClinit" time="0"/>
  <testcase name="testEqualFieldInAClassWithDifferentClinit" classname="testselector.TestSelector$changedInClinit" time="0"/>
  <testcase name="testEqualMethodInAClassWithDifferentClinit" classname="testselector.TestSelector$changedInClinit" time="0"/>
  <testcase name="testDifferentFieldInAClassWithDifferentClinit" classname="testselector.TestSelector$changedInClinit" time="0"/>
  <testcase name="test2MethodChangedInClinit" classname="testselector.TestSelector$changedInClinit" time="0.001"/>
  <testcase name="test1MethodEqualHierarchy" classname="testselector.TestSelector$testHierarchy" time="0.001"/>
  <testcase name="test2MethodEqualHierarchy" classname="testselector.TestSelector$testHierarchy" time="0"/>
  <testcase name="testChangedHierarchy" classname="testselector.TestSelector$testHierarchy" time="0.001"/>
  <testcase name="test3MethodEqualHierarchy" classname="testselector.TestSelector$testHierarchy" time="0"/>
  <testcase name="test1MethodChangedHierarchy" classname="testselector.TestSelector$testHierarchy" time="0.001"/>
  <testcase name="testEqualHierarchy" classname="testselector.TestSelector$testHierarchy" time="0"/>
  <testcase name="test2MethodChangedHierarchy" classname="testselector.TestSelector$testHierarchy" time="0.001"/>
  <testcase name="finalStaticTestForEqualsMethod" classname="testselector.TestSelector$testFinalConstantsAndMethods" time="0.001"/>
  <testcase name="finalTestForEqualsMethod" classname="testselector.TestSelector$testFinalConstantsAndMethods" time="0"/>
  <testcase name="finalTest" classname="testselector.TestSelector$testFinalConstantsAndMethods" time="0"/>
  <testcase name="finalStaticTest" classname="testselector.TestSelector$testFinalConstantsAndMethods" time="0"/>
  <testcase name="constantTest" classname="testselector.TestSelector$testDifferenceInConstant" time="0"/>
  <testcase name="staticTest" classname="testselector.TestSelector$staticMethod" time="0.001"/>
  <testcase name="staticTestForEqualsMethod" classname="testselector.TestSelector$staticMethod" time="0"/>
  <testcase name="newMethodCheckTest" classname="testselector.TestSelector$newMethodAndTheirTest" time="0"/>
  <testcase name="newMethodTest" classname="testselector.TestSelector$newMethodAndTheirTest" time="0.001"/>
  <testcase name="testDifferentNameOfAVariable" classname="testselector.TestSelector$methodWithDifferentNameOfAVariable" time="0"/>
  <testcase name="testFindDifferentInNameOfAVariable" classname="testselector.TestSelector$methodWithDifferentNameOfAVariable" time="0"/>
  <testcase name="testChangeInSignature" classname="testselector.TestSelector$differentSignature" time="0.001"/>
  <testcase name="testFindChangeInSignature" classname="testselector.TestSelector$differentSignature" time="0"/>
  <testcase name="testFindChangeInSignature2" classname="testselector.TestSelector$differentSignature" time="0"/>
  <testcase name="utilTestDifferenceInAPrivateMethod" classname="testselector.TestSelector$differenceInAPrivateMethod" time="0"/>
  <testcase name="utilTestFindChangeInAPrivateMethod" classname="testselector.TestSelector$differenceInAPrivateMethod" time="0.001"/>
  <testcase name="testselector.TestSelector$abstractTestClass$testMethodOverride" classname="testselector.TestSelector$abstractTestClass$testMethodOverride" time="0">
    <skipped message="The new version of the algorithm not analyzed all tests, but only the tests that cover changed or new methods"/>
  </testcase>
  <testcase name="concreteTestMethodNotOverrideByAnyClassCoverageDifference" classname="testselector.TestSelector$abstractTestClass$testExtendeBy2ClassdAndNotOverride" time="0"/>
  <testcase name="concreteTestMethodNotOverrideByAnyClass" classname="testselector.TestSelector$abstractTestClass$testExtendeBy2ClassdAndNotOverride" time="0">
    <skipped message="The new version of the algorithm not analyzed all tests, but only the tests that cover changed or new methods"/>
  </testcase>
  <testcase name="testInnerTestClass" classname="testselector.TestSelector$hierarchyInTestClass" time="0"/>
  <testcase name="testMethodsEredited" classname="testselector.TestSelector$hierarchyInTestClass" time="0"/>
  <testcase name="testInnerTestClass2" classname="testselector.TestSelector$hierarchyInTestClass" time="0"/>
  <testcase name="testInnerTestClass3" classname="testselector.TestSelector$hierarchyInTestClass" time="0"/>
  <testcase name="presentDifferentTestNotAsChangedMethod" classname="testselector.TestSelector$differenceInSetup" time="0"/>
  <testcase name="presentDifferentTest" classname="testselector.TestSelector$differenceInSetup" time="0"/>
  <testcase name="presentEqualTest" classname="testselector.TestSelector$differenceInSetup" time="0"/>
  <testcase name="setUpNotPresent" classname="testselector.TestSelector$differenceInSetup" time="0.001"/>
  <testcase name="loadProjectClasses" classname="testselector.TestSelector$testLoadProject" time="0"/>
  <testcase name="load2ProjectClasses" classname="testselector.TestSelector$testLoadProject" time="0"/>
</testsuite>