<?xml version="1.0" encoding="UTF-8"?>
<testsuite xmlns:xsi="http://www.w3.org/2001/XMLSchema-instance" xsi:schemaLocation="https://maven.apache.org/surefire/maven-surefire-plugin/xsd/surefire-test-report.xsd" name="util.UtilJunit5Test" time="0.3" tests="6" errors="0" skipped="0" failures="0">
  <properties>
[...]
</properties>
  <testcase name="isTest" classname="util.UtilJunit5Test" time="0.001"/>
  <testcase name="isTearDownAll" classname="util.UtilJunit5Test" time="0.001"/>
  <testcase name="isBeforeAll" classname="util.UtilJunit5Test" time="0"/>
  <testcase name="isNoTest" classname="util.UtilJunit5Test" time="0.001"/>
  <testcase name="isTearDown" classname="util.UtilJunit5Test" time="0"/>
  <testcase name="isSetup" classname="util.UtilJunit5Test" time="0.001"/>
</testsuite>